<?xml version="1.0" encoding="UTF-8"?>
<!-- Generated by org.testng.reporters.JUnitXMLReporter -->
<testsuite ignored="0" hostname="BhagyaYogComp" failures="1" tests="3" name="Verbose_Thread" time="19.867" errors="0" timestamp="2019-10-13T01:03:25 CEST">
  <testcase classname="MavenWeek12Oct.Verbose_Thread" name="executSessionOne" time="7.612">
    <failure type="java.lang.AssertionError" message="null">
      <![CDATA[java.lang.AssertionError: null
at MavenWeek12Oct.Verbose_Thread.executSessionOne(Verbose_Thread.java:21)
at java.base/java.util.ArrayList.forEach(ArrayList.java:1507)
... Removed 29 stack frames]]>
    </failure>
  </testcase> <!-- executSessionOne -->
  <testcase classname="MavenWeek12Oct.Verbose_Thread" name="executSessionThree" time="6.018"/>
  <testcase classname="MavenWeek12Oct.Verbose_Thread" name="executeSessionTwo" time="6.165"/>
</testsuite> <!-- Verbose_Thread -->
